<?xml version="1.0" encoding="UTF-8"?>
<testng-results skipped="0" failed="0" total="2" passed="2">
  <reporter-output>
  </reporter-output>
  <suite name="Default suite" duration-ms="11703" started-at="2018-08-13T18:48:32Z" finished-at="2018-08-13T18:48:44Z">
    <groups>
    </groups>
    <test name="Default test" duration-ms="11703" started-at="2018-08-13T18:48:32Z" finished-at="2018-08-13T18:48:44Z">
      <class name="SDETAssignment.AmazonBooks.AmazonBookDetailsAssert">
        <test-method status="PASS" signature="beforeTest()[pri:0, instance:SDETAssignment.AmazonBooks.AmazonBookDetailsAssert@26be92ad]" name="beforeTest" is-config="true" duration-ms="5667" started-at="2018-08-14T00:18:32Z" finished-at="2018-08-14T00:18:38Z">
          <reporter-output>
          </reporter-output>
        </test-method> <!-- beforeTest -->
        <test-method status="PASS" signature="searchBar()[pri:0, instance:SDETAssignment.AmazonBooks.AmazonBookDetailsAssert@26be92ad]" name="searchBar" duration-ms="5383" started-at="2018-08-14T00:18:38Z" finished-at="2018-08-14T00:18:44Z">
          <reporter-output>
          </reporter-output>
        </test-method> <!-- searchBar -->
        <test-method status="PASS" signature="displayFirstSearchResult()[pri:0, instance:SDETAssignment.AmazonBooks.AmazonBookDetailsAssert@26be92ad]" name="displayFirstSearchResult" duration-ms="65" started-at="2018-08-14T00:18:44Z" finished-at="2018-08-14T00:18:44Z">
          <reporter-output>
          </reporter-output>
        </test-method> <!-- displayFirstSearchResult -->
        <test-method status="PASS" signature="afterTest()[pri:0, instance:SDETAssignment.AmazonBooks.AmazonBookDetailsAssert@26be92ad]" name="afterTest" is-config="true" duration-ms="572" started-at="2018-08-14T00:18:44Z" finished-at="2018-08-14T00:18:44Z">
          <reporter-output>
          </reporter-output>
        </test-method> <!-- afterTest -->
      </class> <!-- SDETAssignment.AmazonBooks.AmazonBookDetailsAssert -->
    </test> <!-- Default test -->
  </suite> <!-- Default suite -->
</testng-results>
